<?xml version="1.0" encoding="UTF-8"?>
<testsuite xmlns:xsi="http://www.w3.org/2001/XMLSchema-instance" xsi:noNamespaceSchemaLocation="https://maven.apache.org/surefire/maven-surefire-plugin/xsd/surefire-test-report.xsd" name="org.wang.AppTest" time="0.078" tests="1" errors="0" skipped="0" failures="0">
  <properties>
    <property name="sun.desktop" value="windows"/>
    <property name="awt.toolkit" value="sun.awt.windows.WToolkit"/>
    <property name="file.encoding.pkg" value="sun.io"/>
    <property name="java.specification.version" value="1.8"/>
    <property name="sun.cpu.isalist" value="amd64"/>
    <property name="sun.jnu.encoding" value="GBK"/>
    <property name="java.class.path" value="D:\BackendEngineering\hcges\hcges-entity\target\test-classes;D:\BackendEngineering\hcges\hcges-entity\target\classes;D:\apache-maven-3.6.3-bin\apache-maven-3.6.3\junit\junit\4.13.2\junit-4.13.2.jar;D:\apache-maven-3.6.3-bin\apache-maven-3.6.3\org\hamcrest\hamcrest-core\2.2\hamcrest-core-2.2.jar;D:\apache-maven-3.6.3-bin\apache-maven-3.6.3\org\hamcrest\hamcrest\2.2\hamcrest-2.2.jar;D:\apache-maven-3.6.3-bin\apache-maven-3.6.3\org\projectlombok\lombok\1.18.24\lombok-1.18.24.jar;"/>
    <property name="java.vm.vendor" value="Oracle Corporation"/>
    <property name="sun.arch.data.model" value="64"/>
    <property name="user.variant" value=""/>
    <property name="java.vendor.url" value="http://java.oracle.com/"/>
    <property name="user.timezone" value="Asia/Shanghai"/>
    <property name="java.vm.specification.version" value="1.8"/>
    <property name="os.name" value="Windows 10"/>
    <property name="user.country" value="CN"/>
    <property name="sun.java.launcher" value="SUN_STANDARD"/>
    <property name="sun.boot.library.path" value="D:\编程库\java\jre\bin"/>
    <property name="sun.java.command" value="C:\Users\QWERTY~1\AppData\Local\Temp\surefire4039355615425665246\surefirebooter8809314965299596178.jar C:\Users\qwertyuiop\AppData\Local\Temp\surefire4039355615425665246 2023-05-31T15-52-44_872-jvmRun1 surefire1815100496943569658tmp surefire_02720833029440954495tmp"/>
    <property name="surefire.test.class.path" value="D:\BackendEngineering\hcges\hcges-entity\target\test-classes;D:\BackendEngineering\hcges\hcges-entity\target\classes;D:\apache-maven-3.6.3-bin\apache-maven-3.6.3\junit\junit\4.13.2\junit-4.13.2.jar;D:\apache-maven-3.6.3-bin\apache-maven-3.6.3\org\hamcrest\hamcrest-core\2.2\hamcrest-core-2.2.jar;D:\apache-maven-3.6.3-bin\apache-maven-3.6.3\org\hamcrest\hamcrest\2.2\hamcrest-2.2.jar;D:\apache-maven-3.6.3-bin\apache-maven-3.6.3\org\projectlombok\lombok\1.18.24\lombok-1.18.24.jar;"/>
    <property name="sun.cpu.endian" value="little"/>
    <property name="user.home" value="C:\Users\qwertyuiop"/>
    <property name="user.language" value="zh"/>
    <property name="java.specification.vendor" value="Oracle Corporation"/>
    <property name="java.home" value="D:\编程库\java\jre"/>
    <property name="basedir" value="D:\BackendEngineering\hcges\hcges-entity"/>
    <property name="file.separator" value="\"/>
    <property name="line.separator" value="&#10;"/>
    <property name="java.vm.specification.vendor" value="Oracle Corporation"/>
    <property name="java.specification.name" value="Java Platform API Specification"/>
    <property name="java.awt.graphicsenv" value="sun.awt.Win32GraphicsEnvironment"/>
    <property name="surefire.real.class.path" value="C:\Users\QWERTY~1\AppData\Local\Temp\surefire4039355615425665246\surefirebooter8809314965299596178.jar"/>
    <property name="sun.boot.class.path" value="D:\编程库\java\jre\lib\resources.jar;D:\编程库\java\jre\lib\rt.jar;D:\编程库\java\jre\lib\sunrsasign.jar;D:\编程库\java\jre\lib\jsse.jar;D:\编程库\java\jre\lib\jce.jar;D:\编程库\java\jre\lib\charsets.jar;D:\编程库\java\jre\lib\jfr.jar;D:\编程库\java\jre\classes"/>
    <property name="user.script" value=""/>
    <property name="sun.management.compiler" value="HotSpot 64-Bit Tiered Compilers"/>
    <property name="java.runtime.version" value="1.8.0_261-b12"/>
    <property name="user.name" value="qwertyuiop"/>
    <property name="path.separator" value=";"/>
    <property name="os.version" value="10.0"/>
    <property name="java.endorsed.dirs" value="D:\编程库\java\jre\lib\endorsed"/>
    <property name="java.runtime.name" value="Java(TM) SE Runtime Environment"/>
    <property name="file.encoding" value="GBK"/>
    <property name="java.vm.name" value="Java HotSpot(TM) 64-Bit Server VM"/>
    <property name="localRepository" value="D:\apache-maven-3.6.3-bin\apache-maven-3.6.3"/>
    <property name="java.vendor.url.bug" value="http://bugreport.sun.com/bugreport/"/>
    <property name="java.io.tmpdir" value="C:\Users\QWERTY~1\AppData\Local\Temp\"/>
    <property name="idea.version" value="2020.3.4"/>
    <property name="java.version" value="1.8.0_261"/>
    <property name="user.dir" value="D:\BackendEngineering\hcges\hcges-entity"/>
    <property name="os.arch" value="amd64"/>
    <property name="java.vm.specification.name" value="Java Virtual Machine Specification"/>
    <property name="java.awt.printerjob" value="sun.awt.windows.WPrinterJob"/>
    <property name="sun.os.patch.level" value=""/>
    <property name="java.library.path" value="D:\编程库\java\jre\bin;C:\WINDOWS\Sun\Java\bin;C:\WINDOWS\system32;C:\WINDOWS;D:\mysql-8.0.22-winx64\mysql-8.0.22-winx64\bin;D:\编程库\java\bin;C:\Program Files (x86)\Common Files\Oracle\Java\javapath;C:\WINDOWS\system32;C:\WINDOWS;C:\WINDOWS\System32\Wbem;C:\WINDOWS\System32\WindowsPowerShell\v1.0\;C:\WINDOWS\System32\OpenSSH\;C:\Program Files\NVIDIA Corporation\NVIDIA NvDLISR;C:\Program Files (x86)\NVIDIA Corporation\PhysX\Common;D:\腾讯qq\Bin;D;\腾讯qq\1305777401\FileRecv;D:\编程库\Git\cmd;D:\apache-maven-3.6.3-bin\apache-maven-3.6.3\bin;D:\编程库\Microsoft VS Code\bin;C:\Program Files\nodejs\;D:\node\node_global;D:\xshell\;D:\xftp\;E:\Bandizip\;%USERPROFILE%\AppData\Local\Microsoft\WindowsApps;%IntelliJ IDEA%;C:\Users\qwertyuiop\AppData\Roaming\npm;E:\QQGameTempest\Hall.57915\;."/>
    <property name="java.vm.info" value="mixed mode"/>
    <property name="java.vendor" value="Oracle Corporation"/>
    <property name="java.vm.version" value="25.261-b12"/>
    <property name="java.ext.dirs" value="D:\编程库\java\jre\lib\ext;C:\WINDOWS\Sun\Java\lib\ext"/>
    <property name="sun.io.unicode.encoding" value="UnicodeLittle"/>
    <property name="maven.repo.local" value="D:\apache-maven-3.6.3-bin\apache-maven-3.6.3"/>
    <property name="java.class.version" value="52.0"/>
  </properties>
  <testcase name="shouldAnswerWithTrue" classname="org.wang.AppTest" time="0.004"/>
</testsuite>